<?xml version="1.0" encoding="UTF-8"?>
<testsuite name="unit.BVBlockBuilderTest" tests="18" skipped="0" failures="0" errors="0" timestamp="2014-07-17T12:16:25" hostname="kaylee.local" time="0.805">
  <properties/>
  <testcase name="shouldGenerateBoundaryValuesBlocksForImplicationCharacteristic" classname="unit.BVBlockBuilderTest" time="0.232"/>
  <testcase name="shouldGenerateBoundaryValuesBlocksForExistentialCharacteristic" classname="unit.BVBlockBuilderTest" time="0.033"/>
  <testcase name="shouldGenerateBlocksForTypingMemberOfCharacteristics" classname="unit.BVBlockBuilderTest" time="0.06"/>
  <testcase name="shouldNotGenerateBoundaryBlocksForInvariantClauses" classname="unit.BVBlockBuilderTest" time="0.021"/>
  <testcase name="shouldGenerateBoundaryValuesForRangesWithMaxInt" classname="unit.BVBlockBuilderTest" time="0.008"/>
  <testcase name="shouldGenerateBoundaryValuesBlocksForNotStrictSubsetCharacteristic" classname="unit.BVBlockBuilderTest" time="0.035"/>
  <testcase name="shouldGenerateBoundaryValuesBlocksForNegationCharacteristic" classname="unit.BVBlockBuilderTest" time="0.028"/>
  <testcase name="shouldGenerateBoundaryValuesBlocksForNotMemberOfCharacteristic" classname="unit.BVBlockBuilderTest" time="0.062"/>
  <testcase name="shouldGenerateBoundaryValuesBlocksForRelationalCharacteristic" classname="unit.BVBlockBuilderTest" time="0.079"/>
  <testcase name="shouldGenerateBoundaryValuesBlocksForDisjunctionCharacteristic" classname="unit.BVBlockBuilderTest" time="0.034"/>
  <testcase name="shouldGenerateBoundaryValuesBlocksForUniversalCharacteristic" classname="unit.BVBlockBuilderTest" time="0.03"/>
  <testcase name="shouldGenerateBoundaryValuesBlocksForEqualsCharacteristic" classname="unit.BVBlockBuilderTest" time="0.028"/>
  <testcase name="shouldGenerateBoundaryValuesBlocksForNotSubsetStrictCharacteristic" classname="unit.BVBlockBuilderTest" time="0.026"/>
  <testcase name="shouldGenerateBoundaryValuesBlocksForNotEqualsCharacteristic" classname="unit.BVBlockBuilderTest" time="0.024"/>
  <testcase name="shouldGenerateBoundaryValuesBlocksForSubsetCharacteristic" classname="unit.BVBlockBuilderTest" time="0.026"/>
  <testcase name="shouldGenerateBoundaryValuesBlocksForSubsetStrictCharacteristic" classname="unit.BVBlockBuilderTest" time="0.027"/>
  <testcase name="shouldGenerateBoundaryValuesBlocksForEquivalenceCharacteristic" classname="unit.BVBlockBuilderTest" time="0.02"/>
  <testcase name="shouldGenerateBoundaryValuesBlocksForNotSubsetCharacteristic" classname="unit.BVBlockBuilderTest" time="0.023"/>
  <system-out><![CDATA[]]></system-out>
  <system-err><![CDATA[]]></system-err>
</testsuite>
