<?xml version="1.0" encoding="UTF-8"?>
<testsuite name="unit.ECBlockBuilderTest" tests="19" skipped="0" failures="0" errors="0" timestamp="2014-07-15T11:59:35" hostname="kaylee.local" time="0.411">
  <properties/>
  <testcase name="shouldGenerateBlocksForMemberOfCharacteristics" classname="unit.ECBlockBuilderTest" time="0.031"/>
  <testcase name="shouldGenerateEquivalenceClassesBlocksForNegationCharacteristic" classname="unit.ECBlockBuilderTest" time="0.019"/>
  <testcase name="shouldGenerateEquivalenceClassesBlocksForNotMemberOfCharacteristic" classname="unit.ECBlockBuilderTest" time="0.024"/>
  <testcase name="shouldGenerateEquivalenceClassBlocksForRangesWithMaxInt" classname="unit.ECBlockBuilderTest" time="0.008"/>
  <testcase name="shouldGenerateEquivalenceClassesBlocksForNotSubsetStrictCharacteristic" classname="unit.ECBlockBuilderTest" time="0.027"/>
  <testcase name="shouldGenerateEquivalenceClassesBlocksForDisjunctionCharacteristic" classname="unit.ECBlockBuilderTest" time="0.022"/>
  <testcase name="shouldGenerateEquivalenceClassesBlocksForEqualsCharacteristic" classname="unit.ECBlockBuilderTest" time="0.023"/>
  <testcase name="shouldNotGenerateBoundaryBlocksForInvariantClauses" classname="unit.ECBlockBuilderTest" time="0.008"/>
  <testcase name="shouldGenerateEquivalenceClassesBlocksForSubsetCharacteristic" classname="unit.ECBlockBuilderTest" time="0.027"/>
  <testcase name="shouldGenerateEquivalenceClassesBlocksForEquivalenceCharacteristic" classname="unit.ECBlockBuilderTest" time="0.031"/>
  <testcase name="shouldGenerateEquivalenceClassesBlocksForUniversalCharacteristic" classname="unit.ECBlockBuilderTest" time="0.024"/>
  <testcase name="shouldGenerateEquivalenceClassesBlocksForRelationalCharacteristic" classname="unit.ECBlockBuilderTest" time="0.03"/>
  <testcase name="shouldGenerateEquivalenceClassesBlocksForNotEqualsCharacteristic" classname="unit.ECBlockBuilderTest" time="0.024"/>
  <testcase name="shouldGenerateEquivalenceClassesBlocksForImplicationCharacteristic" classname="unit.ECBlockBuilderTest" time="0.017"/>
  <testcase name="shouldGenerateEquivalenceClassesBlocksForNotSubsetCharacteristic" classname="unit.ECBlockBuilderTest" time="0.02"/>
  <testcase name="shouldGenerateEquivalenceClassesForCounter" classname="unit.ECBlockBuilderTest" time="0.005"/>
  <testcase name="shouldGenerateEquivalenceClassesBlocksForSubsetStrictCharacteristic" classname="unit.ECBlockBuilderTest" time="0.02"/>
  <testcase name="shouldGenerateEquivalenceClassesBlocksForExistentialCharacteristic" classname="unit.ECBlockBuilderTest" time="0.016"/>
  <testcase name="shouldCreateEquivalenceClassBlocksForOperationsWithNoPreconditions" classname="unit.ECBlockBuilderTest" time="0.029"/>
  <system-out><![CDATA[]]></system-out>
  <system-err><![CDATA[]]></system-err>
</testsuite>
