<?xml version="1.0" encoding="UTF-8"?>
<testsuite name="unit.BETATestSuiteTest" tests="2" skipped="0" failures="0" errors="0" timestamp="2014-07-17T12:16:18" hostname="kaylee.local" time="6.123">
  <properties/>
  <testcase name="shouldIdentifyPositiveAndNegativeTestCases" classname="unit.BETATestSuiteTest" time="4.134"/>
  <testcase name="shouldGenerateTestCasesForSingleCharacteristics" classname="unit.BETATestSuiteTest" time="1.988"/>
  <system-out><![CDATA[Executing: /Users/ernestocid/Downloads/ProB/probcli -init -mc 1 -p MAX_INITIALISATIONS 1 -p MAX_OPERATIONS 1 -p MININT -1 -p MAXINT 20 /Users/ernestocid/dev/beta/br.ufrn.forall.beta/src/test/resources/machines/others/TestsForOp_inc_From_counter.mch -save /Users/ernestocid/dev/beta/br.ufrn.forall.beta/src/test/resources/machines/others/TestsForOp_inc_From_counter.mch.pl  Executed!
Executing: /Users/ernestocid/Downloads/ProB/probcli -init -mc 1 -p MAX_INITIALISATIONS 1 -p MAX_OPERATIONS 1 -p MININT -1 -p MAXINT 20 /Users/ernestocid/dev/beta/br.ufrn.forall.beta/src/test/resources/machines/others/TestsForOp_inc_From_counter.mch -save /Users/ernestocid/dev/beta/br.ufrn.forall.beta/src/test/resources/machines/others/TestsForOp_inc_From_counter.mch.pl  Executed!
Executing: /Users/ernestocid/Downloads/ProB/probcli -init -mc 1 -p MAX_INITIALISATIONS 1 -p MAX_OPERATIONS 1 -p MININT -1 -p MAXINT 20 /Users/ernestocid/dev/beta/br.ufrn.forall.beta/src/test/resources/machines/others/TestsForOp_inc_From_counter.mch -save /Users/ernestocid/dev/beta/br.ufrn.forall.beta/src/test/resources/machines/others/TestsForOp_inc_From_counter.mch.pl  Executed!
Executing: /Users/ernestocid/Downloads/ProB/probcli -init -mc 1 -p MAX_INITIALISATIONS 1 -p MAX_OPERATIONS 1 -p MININT -1 -p MAXINT 20 /Users/ernestocid/dev/beta/br.ufrn.forall.beta/src/test/resources/machines/others/TestsForOp_inc_From_counter.mch -save /Users/ernestocid/dev/beta/br.ufrn.forall.beta/src/test/resources/machines/others/TestsForOp_inc_From_counter.mch.pl  Executed!
Executing: /Users/ernestocid/Downloads/ProB/probcli -init -mc 1 -p MAX_INITIALISATIONS 1 -p MAX_OPERATIONS 1 -p MININT -1 -p MAXINT 20 /Users/ernestocid/dev/beta/br.ufrn.forall.beta/src/test/resources/machines/others/TestsForOp_inc_From_counter.mch -save /Users/ernestocid/dev/beta/br.ufrn.forall.beta/src/test/resources/machines/others/TestsForOp_inc_From_counter.mch.pl  Executed!
Executing: /Users/ernestocid/Downloads/ProB/probcli -init -mc 1 -p MAX_INITIALISATIONS 1 -p MAX_OPERATIONS 1 -p MININT -1 -p MAXINT 20 /Users/ernestocid/dev/beta/br.ufrn.forall.beta/src/test/resources/machines/others/TestsForOp_op_From_MaxIntMinIntTest.mch -save /Users/ernestocid/dev/beta/br.ufrn.forall.beta/src/test/resources/machines/others/TestsForOp_op_From_MaxIntMinIntTest.mch.pl  Executed!
Executing: /Users/ernestocid/Downloads/ProB/probcli -init -mc 1 -p MAX_INITIALISATIONS 1 -p MAX_OPERATIONS 1 -p MININT -1 -p MAXINT 20 /Users/ernestocid/dev/beta/br.ufrn.forall.beta/src/test/resources/machines/others/TestsForOp_op_From_MaxIntMinIntTest.mch -save /Users/ernestocid/dev/beta/br.ufrn.forall.beta/src/test/resources/machines/others/TestsForOp_op_From_MaxIntMinIntTest.mch.pl  Executed!
]]></system-out>
  <system-err><![CDATA[]]></system-err>
</testsuite>
