<?xml version="1.1" encoding="UTF-8"?>
<testsuite name="integration.XMLReportGenerationTest" tests="3" failures="0" errors="0" timestamp="1970-01-01T00:00:00" hostname="kaylee.local" time="1.404982995935E9">
  <properties/>
  <testcase name="shouldGenerateXMLReportForMachinesWithSets" classname="integration.XMLReportGenerationTest" time="2.052"/>
  <testcase name="shouldGenerateXMLRerportForOperationsWithReturnValues" classname="integration.XMLReportGenerationTest" time="1.524"/>
  <testcase name="shouldGenerateXMLReportForSimpleLift" classname="integration.XMLReportGenerationTest" time="2.644"/>
  <system-out><![CDATA[Executing: /Users/ernestocid/Tools/BETA Demo/ProB/probcli -init -mc 1 -p MAX_INITIALISATIONS 1 -p MAX_OPERATIONS 1 -p MININT -1 -p MAXINT 30 /Users/ernestocid/dev/beta/br.ufrn.forall.beta/src/test/resources/machines/others/TestsForOp_test_From_WithSets.mch -save /Users/ernestocid/dev/beta/br.ufrn.forall.beta/src/test/resources/machines/others/TestsForOp_test_From_WithSets.mch.pl  Executed!
Executing: /Users/ernestocid/Tools/BETA Demo/ProB/probcli -init -mc 1 -p MAX_INITIALISATIONS 1 -p MAX_OPERATIONS 1 -p MININT -1 -p MAXINT 30 /Users/ernestocid/dev/beta/br.ufrn.forall.beta/src/test/resources/machines/others/TestsForOp_test_From_WithSets.mch -save /Users/ernestocid/dev/beta/br.ufrn.forall.beta/src/test/resources/machines/others/TestsForOp_test_From_WithSets.mch.pl  Executed!
Executing: /Users/ernestocid/Tools/BETA Demo/ProB/probcli -init -mc 1 -p MAX_INITIALISATIONS 1 -p MAX_OPERATIONS 1 -p MININT -1 -p MAXINT 30 /Users/ernestocid/dev/beta/br.ufrn.forall.beta/src/test/resources/machines/others/TestsForOp_test_From_WithSets.mch -save /Users/ernestocid/dev/beta/br.ufrn.forall.beta/src/test/resources/machines/others/TestsForOp_test_From_WithSets.mch.pl  Executed!
Executing: /Users/ernestocid/Tools/BETA Demo/ProB/probcli -init -mc 1 -p MAX_INITIALISATIONS 1 -p MAX_OPERATIONS 1 -p MININT -1 -p MAXINT 30 /Users/ernestocid/dev/beta/br.ufrn.forall.beta/src/test/resources/machines/others/TestsForOp_sum_From_Calc.mch -save /Users/ernestocid/dev/beta/br.ufrn.forall.beta/src/test/resources/machines/others/TestsForOp_sum_From_Calc.mch.pl  Executed!
Executing: /Users/ernestocid/Tools/BETA Demo/ProB/probcli -init -mc 1 -p MAX_INITIALISATIONS 1 -p MAX_OPERATIONS 1 -p MININT -1 -p MAXINT 30 /Users/ernestocid/dev/beta/br.ufrn.forall.beta/src/test/resources/machines/others/TestsForOp_sum_From_Calc.mch -save /Users/ernestocid/dev/beta/br.ufrn.forall.beta/src/test/resources/machines/others/TestsForOp_sum_From_Calc.mch.pl  Executed!
Executing: /Users/ernestocid/Tools/BETA Demo/ProB/probcli -init -mc 1 -p MAX_INITIALISATIONS 1 -p MAX_OPERATIONS 1 -p MININT -1 -p MAXINT 30 /Users/ernestocid/dev/beta/br.ufrn.forall.beta/src/test/resources/machines/others/TestsForOp_go_to_From_SimpleLift.mch -save /Users/ernestocid/dev/beta/br.ufrn.forall.beta/src/test/resources/machines/others/TestsForOp_go_to_From_SimpleLift.mch.pl  Executed!
Executing: /Users/ernestocid/Tools/BETA Demo/ProB/probcli -init -mc 1 -p MAX_INITIALISATIONS 1 -p MAX_OPERATIONS 1 -p MININT -1 -p MAXINT 30 /Users/ernestocid/dev/beta/br.ufrn.forall.beta/src/test/resources/machines/others/TestsForOp_go_to_From_SimpleLift.mch -save /Users/ernestocid/dev/beta/br.ufrn.forall.beta/src/test/resources/machines/others/TestsForOp_go_to_From_SimpleLift.mch.pl  Executed!
Executing: /Users/ernestocid/Tools/BETA Demo/ProB/probcli -init -mc 1 -p MAX_INITIALISATIONS 1 -p MAX_OPERATIONS 1 -p MININT -1 -p MAXINT 30 /Users/ernestocid/dev/beta/br.ufrn.forall.beta/src/test/resources/machines/others/TestsForOp_go_to_From_SimpleLift.mch -save /Users/ernestocid/dev/beta/br.ufrn.forall.beta/src/test/resources/machines/others/TestsForOp_go_to_From_SimpleLift.mch.pl  Executed!
Executing: /Users/ernestocid/Tools/BETA Demo/ProB/probcli -init -mc 1 -p MAX_INITIALISATIONS 1 -p MAX_OPERATIONS 1 -p MININT -1 -p MAXINT 30 /Users/ernestocid/dev/beta/br.ufrn.forall.beta/src/test/resources/machines/others/TestsForOp_go_to_From_SimpleLift.mch -save /Users/ernestocid/dev/beta/br.ufrn.forall.beta/src/test/resources/machines/others/TestsForOp_go_to_From_SimpleLift.mch.pl  Executed!
]]></system-out>
  <system-err><![CDATA[]]></system-err>
</testsuite>
