<?xml version="1.0" encoding="UTF-8"?>
<testsuite name="unit.OracleEvaluationTest" tests="3" skipped="0" failures="0" errors="0" timestamp="2014-07-15T11:59:36" hostname="kaylee.local" time="4.926">
  <properties/>
  <testcase name="shouldGetOracleValuesForMachineWithStateAndOperationWithNoParameters" classname="unit.OracleEvaluationTest" time="0.651"/>
  <testcase name="shouldGetOracleValuesForMachineWithStateAndOperationWithNoParameters2" classname="unit.OracleEvaluationTest" time="1.014"/>
  <testcase name="shouldGetOracleValuesForOperationWithParameters" classname="unit.OracleEvaluationTest" time="3.26"/>
  <system-out><![CDATA[]]></system-out>
  <system-err><![CDATA[]]></system-err>
</testsuite>
