<?xml version="1.0" encoding="UTF-8"?>
<testsuite name="unit.BVBlockBuilderTest" tests="18" skipped="0" failures="0" errors="0" timestamp="2014-07-15T13:38:09" hostname="kaylee.local" time="0.723">
  <properties/>
  <testcase name="shouldGenerateBoundaryValuesBlocksForImplicationCharacteristic" classname="unit.BVBlockBuilderTest" time="0.152"/>
  <testcase name="shouldGenerateBoundaryValuesBlocksForExistentialCharacteristic" classname="unit.BVBlockBuilderTest" time="0.036"/>
  <testcase name="shouldGenerateBlocksForTypingMemberOfCharacteristics" classname="unit.BVBlockBuilderTest" time="0.054"/>
  <testcase name="shouldNotGenerateBoundaryBlocksForInvariantClauses" classname="unit.BVBlockBuilderTest" time="0.03"/>
  <testcase name="shouldGenerateBoundaryValuesForRangesWithMaxInt" classname="unit.BVBlockBuilderTest" time="0.011"/>
  <testcase name="shouldGenerateBoundaryValuesBlocksForNotStrictSubsetCharacteristic" classname="unit.BVBlockBuilderTest" time="0.041"/>
  <testcase name="shouldGenerateBoundaryValuesBlocksForNegationCharacteristic" classname="unit.BVBlockBuilderTest" time="0.031"/>
  <testcase name="shouldGenerateBoundaryValuesBlocksForNotMemberOfCharacteristic" classname="unit.BVBlockBuilderTest" time="0.029"/>
  <testcase name="shouldGenerateBoundaryValuesBlocksForRelationalCharacteristic" classname="unit.BVBlockBuilderTest" time="0.106"/>
  <testcase name="shouldGenerateBoundaryValuesBlocksForDisjunctionCharacteristic" classname="unit.BVBlockBuilderTest" time="0.027"/>
  <testcase name="shouldGenerateBoundaryValuesBlocksForUniversalCharacteristic" classname="unit.BVBlockBuilderTest" time="0.026"/>
  <testcase name="shouldGenerateBoundaryValuesBlocksForEqualsCharacteristic" classname="unit.BVBlockBuilderTest" time="0.031"/>
  <testcase name="shouldGenerateBoundaryValuesBlocksForNotSubsetStrictCharacteristic" classname="unit.BVBlockBuilderTest" time="0.029"/>
  <testcase name="shouldGenerateBoundaryValuesBlocksForNotEqualsCharacteristic" classname="unit.BVBlockBuilderTest" time="0.022"/>
  <testcase name="shouldGenerateBoundaryValuesBlocksForSubsetCharacteristic" classname="unit.BVBlockBuilderTest" time="0.024"/>
  <testcase name="shouldGenerateBoundaryValuesBlocksForSubsetStrictCharacteristic" classname="unit.BVBlockBuilderTest" time="0.023"/>
  <testcase name="shouldGenerateBoundaryValuesBlocksForEquivalenceCharacteristic" classname="unit.BVBlockBuilderTest" time="0.019"/>
  <testcase name="shouldGenerateBoundaryValuesBlocksForNotSubsetCharacteristic" classname="unit.BVBlockBuilderTest" time="0.022"/>
  <system-out><![CDATA[]]></system-out>
  <system-err><![CDATA[]]></system-err>
</testsuite>
