<?xml version="1.0" encoding="UTF-8"?>
<testsuite name="integration.XMLReportGenerationTest" tests="3" skipped="0" failures="0" errors="0" timestamp="2014-07-17T12:16:07" hostname="kaylee.local" time="11.107">
  <properties/>
  <testcase name="shouldGenerateXMLReportForMachinesWithSets" classname="integration.XMLReportGenerationTest" time="3.454"/>
  <testcase name="shouldGenerateXMLRerportForOperationsWithReturnValues" classname="integration.XMLReportGenerationTest" time="3.176"/>
  <testcase name="shouldGenerateXMLReportForSimpleLift" classname="integration.XMLReportGenerationTest" time="4.476"/>
  <system-out><![CDATA[Executing: /Users/ernestocid/Downloads/ProB/probcli -init -mc 1 -p MAX_INITIALISATIONS 1 -p MAX_OPERATIONS 1 -p MININT -1 -p MAXINT 20 /Users/ernestocid/dev/beta/br.ufrn.forall.beta/src/test/resources/machines/others/TestsForOp_test_From_WithSets.mch -save /Users/ernestocid/dev/beta/br.ufrn.forall.beta/src/test/resources/machines/others/TestsForOp_test_From_WithSets.mch.pl  Executed!
Executing: /Users/ernestocid/Downloads/ProB/probcli -init -mc 1 -p MAX_INITIALISATIONS 1 -p MAX_OPERATIONS 1 -p MININT -1 -p MAXINT 20 /Users/ernestocid/dev/beta/br.ufrn.forall.beta/src/test/resources/machines/others/TestsForOp_test_From_WithSets.mch -save /Users/ernestocid/dev/beta/br.ufrn.forall.beta/src/test/resources/machines/others/TestsForOp_test_From_WithSets.mch.pl  Executed!
Executing: /Users/ernestocid/Downloads/ProB/probcli -init -mc 1 -p MAX_INITIALISATIONS 1 -p MAX_OPERATIONS 1 -p MININT -1 -p MAXINT 20 /Users/ernestocid/dev/beta/br.ufrn.forall.beta/src/test/resources/machines/others/TestsForOp_test_From_WithSets.mch -save /Users/ernestocid/dev/beta/br.ufrn.forall.beta/src/test/resources/machines/others/TestsForOp_test_From_WithSets.mch.pl  Executed!
Executing: /Users/ernestocid/Downloads/ProB/probcli -init -mc 1 -p MAX_INITIALISATIONS 1 -p MAX_OPERATIONS 1 -p MININT -1 -p MAXINT 20 /Users/ernestocid/dev/beta/br.ufrn.forall.beta/src/test/resources/machines/others/TestsForOp_sum_From_Calc.mch -save /Users/ernestocid/dev/beta/br.ufrn.forall.beta/src/test/resources/machines/others/TestsForOp_sum_From_Calc.mch.pl  Executed!
Executing: /Users/ernestocid/Downloads/ProB/probcli -init -mc 1 -p MAX_INITIALISATIONS 1 -p MAX_OPERATIONS 1 -p MININT -1 -p MAXINT 20 /Users/ernestocid/dev/beta/br.ufrn.forall.beta/src/test/resources/machines/others/TestsForOp_sum_From_Calc.mch -save /Users/ernestocid/dev/beta/br.ufrn.forall.beta/src/test/resources/machines/others/TestsForOp_sum_From_Calc.mch.pl  Executed!
Executing: /Users/ernestocid/Downloads/ProB/probcli -init -mc 1 -p MAX_INITIALISATIONS 1 -p MAX_OPERATIONS 1 -p MININT -1 -p MAXINT 20 /Users/ernestocid/dev/beta/br.ufrn.forall.beta/src/test/resources/machines/others/TestsForOp_go_to_From_SimpleLift.mch -save /Users/ernestocid/dev/beta/br.ufrn.forall.beta/src/test/resources/machines/others/TestsForOp_go_to_From_SimpleLift.mch.pl  Executed!
Executing: /Users/ernestocid/Downloads/ProB/probcli -init -mc 1 -p MAX_INITIALISATIONS 1 -p MAX_OPERATIONS 1 -p MININT -1 -p MAXINT 20 /Users/ernestocid/dev/beta/br.ufrn.forall.beta/src/test/resources/machines/others/TestsForOp_go_to_From_SimpleLift.mch -save /Users/ernestocid/dev/beta/br.ufrn.forall.beta/src/test/resources/machines/others/TestsForOp_go_to_From_SimpleLift.mch.pl  Executed!
Executing: /Users/ernestocid/Downloads/ProB/probcli -init -mc 1 -p MAX_INITIALISATIONS 1 -p MAX_OPERATIONS 1 -p MININT -1 -p MAXINT 20 /Users/ernestocid/dev/beta/br.ufrn.forall.beta/src/test/resources/machines/others/TestsForOp_go_to_From_SimpleLift.mch -save /Users/ernestocid/dev/beta/br.ufrn.forall.beta/src/test/resources/machines/others/TestsForOp_go_to_From_SimpleLift.mch.pl  Executed!
Executing: /Users/ernestocid/Downloads/ProB/probcli -init -mc 1 -p MAX_INITIALISATIONS 1 -p MAX_OPERATIONS 1 -p MININT -1 -p MAXINT 20 /Users/ernestocid/dev/beta/br.ufrn.forall.beta/src/test/resources/machines/others/TestsForOp_go_to_From_SimpleLift.mch -save /Users/ernestocid/dev/beta/br.ufrn.forall.beta/src/test/resources/machines/others/TestsForOp_go_to_From_SimpleLift.mch.pl  Executed!
]]></system-out>
  <system-err><![CDATA[]]></system-err>
</testsuite>
