<?xml version="1.1" encoding="UTF-8"?>
<testsuite name="unit.BETATestSuiteTest" tests="2" failures="0" errors="0" timestamp="1970-01-01T00:00:00" hostname="kaylee.local" time="1.404824440256E9">
  <properties/>
  <testcase name="shouldIdentifyPositiveAndNegativeTestCases" classname="unit.BETATestSuiteTest" time="3.128"/>
  <testcase name="shouldGenerateTestCasesForSingleCharacteristics" classname="unit.BETATestSuiteTest" time="1.515"/>
  <system-out><![CDATA[Executing: /Users/ernestocid/Tools/BETA Demo/ProB/probcli -init -mc 1 -p MAX_INITIALISATIONS 1 -p MAX_OPERATIONS 1 -p MININT -1 -p MAXINT 30 /Users/ernestocid/dev/beta/br.ufrn.forall.beta/src/test/resources/machines/others/TestsForOp_inc_From_counter.mch -save /Users/ernestocid/dev/beta/br.ufrn.forall.beta/src/test/resources/machines/others/TestsForOp_inc_From_counter.mch.pl  Executed!
Executing: /Users/ernestocid/Tools/BETA Demo/ProB/probcli -init -mc 1 -p MAX_INITIALISATIONS 1 -p MAX_OPERATIONS 1 -p MININT -1 -p MAXINT 30 /Users/ernestocid/dev/beta/br.ufrn.forall.beta/src/test/resources/machines/others/TestsForOp_inc_From_counter.mch -save /Users/ernestocid/dev/beta/br.ufrn.forall.beta/src/test/resources/machines/others/TestsForOp_inc_From_counter.mch.pl  Executed!
Executing: /Users/ernestocid/Tools/BETA Demo/ProB/probcli -init -mc 1 -p MAX_INITIALISATIONS 1 -p MAX_OPERATIONS 1 -p MININT -1 -p MAXINT 30 /Users/ernestocid/dev/beta/br.ufrn.forall.beta/src/test/resources/machines/others/TestsForOp_inc_From_counter.mch -save /Users/ernestocid/dev/beta/br.ufrn.forall.beta/src/test/resources/machines/others/TestsForOp_inc_From_counter.mch.pl  Executed!
Executing: /Users/ernestocid/Tools/BETA Demo/ProB/probcli -init -mc 1 -p MAX_INITIALISATIONS 1 -p MAX_OPERATIONS 1 -p MININT -1 -p MAXINT 30 /Users/ernestocid/dev/beta/br.ufrn.forall.beta/src/test/resources/machines/others/TestsForOp_inc_From_counter.mch -save /Users/ernestocid/dev/beta/br.ufrn.forall.beta/src/test/resources/machines/others/TestsForOp_inc_From_counter.mch.pl  Executed!
Executing: /Users/ernestocid/Tools/BETA Demo/ProB/probcli -init -mc 1 -p MAX_INITIALISATIONS 1 -p MAX_OPERATIONS 1 -p MININT -1 -p MAXINT 30 /Users/ernestocid/dev/beta/br.ufrn.forall.beta/src/test/resources/machines/others/TestsForOp_inc_From_counter.mch -save /Users/ernestocid/dev/beta/br.ufrn.forall.beta/src/test/resources/machines/others/TestsForOp_inc_From_counter.mch.pl  Executed!
Executing: /Users/ernestocid/Tools/BETA Demo/ProB/probcli -init -mc 1 -p MAX_INITIALISATIONS 1 -p MAX_OPERATIONS 1 -p MININT -1 -p MAXINT 30 /Users/ernestocid/dev/beta/br.ufrn.forall.beta/src/test/resources/machines/others/TestsForOp_op_From_MaxIntMinIntTest.mch -save /Users/ernestocid/dev/beta/br.ufrn.forall.beta/src/test/resources/machines/others/TestsForOp_op_From_MaxIntMinIntTest.mch.pl  Executed!
Executing: /Users/ernestocid/Tools/BETA Demo/ProB/probcli -init -mc 1 -p MAX_INITIALISATIONS 1 -p MAX_OPERATIONS 1 -p MININT -1 -p MAXINT 30 /Users/ernestocid/dev/beta/br.ufrn.forall.beta/src/test/resources/machines/others/TestsForOp_op_From_MaxIntMinIntTest.mch -save /Users/ernestocid/dev/beta/br.ufrn.forall.beta/src/test/resources/machines/others/TestsForOp_op_From_MaxIntMinIntTest.mch.pl  Executed!
]]></system-out>
  <system-err><![CDATA[]]></system-err>
</testsuite>
