<?xml version="1.0" encoding="UTF-8"?>
<testsuite name="unit.TestMachineBuilderTest" tests="5" skipped="0" failures="0" errors="0" timestamp="2014-07-15T13:38:12" hostname="kaylee.local" time="0.027">
  <properties/>
  <testcase name="shouldGenerateTestMachineForOperationsOnMachinesWithSees" classname="unit.TestMachineBuilderTest" time="0.004"/>
  <testcase name="shouldGenerateTestMachineForOperationsOnMachinesWithUses" classname="unit.TestMachineBuilderTest" time="0.003"/>
  <testcase name="shouldGenerateTestMachineForOperationsOnMachinesWithIncludes" classname="unit.TestMachineBuilderTest" time="0.005"/>
  <testcase name="shouldGenerateTestMachineForOperationsOnMachinesWithExtends" classname="unit.TestMachineBuilderTest" time="0.006"/>
  <testcase name="shouldGenerateTestMachineForFormula" classname="unit.TestMachineBuilderTest" time="0.009"/>
  <system-out><![CDATA[]]></system-out>
  <system-err><![CDATA[]]></system-err>
</testsuite>
