<?xml version="1.1" encoding="UTF-8"?>
<testsuite name="unit.PartitionerTest" tests="20" failures="0" errors="0" timestamp="2014-07-10T09:03:24" hostname="kaylee.local" time="0.278">
  <properties/>
  <testcase name="shouldGetInputSpaceForMachineStructuredWithIncludes" classname="unit.PartitionerTest" time="0.05"/>
  <testcase name="shouldGetCharacteristicsForMachineStructuredWithIncludes" classname="unit.PartitionerTest" time="0.012"/>
  <testcase name="shouldGetInputSpaceForMachinesStructuredWithExtends" classname="unit.PartitionerTest" time="0.029"/>
  <testcase name="shouldGetOperationCharacteristics2" classname="unit.PartitionerTest" time="0.02"/>
  <testcase name="shouldGetCharacteristicsForMachinesStructuredWithUses" classname="unit.PartitionerTest" time="0.009"/>
  <testcase name="shouldGetCharacteristicsForMachinesStructuredWithExtends" classname="unit.PartitionerTest" time="0.016"/>
  <testcase name="shouldGetInputSpaceForMachinesStructuredWithUses" classname="unit.PartitionerTest" time="0.011"/>
  <testcase name="shouldGetCharacteristicsForMachineStructuredWithSees" classname="unit.PartitionerTest" time="0.005"/>
  <testcase name="shouldGetOperationCharacteristicsForOperationWithNoPrecondition" classname="unit.PartitionerTest" time="0.005"/>
  <testcase name="shouldGetCharacteristicsFromPromotedOperations" classname="unit.PartitionerTest" time="0.007"/>
  <testcase name="shouldGetInputSpaceForMachinesWithConstants" classname="unit.PartitionerTest" time="0.004"/>
  <testcase name="shouldGetInputSpaceForMachineStructuredWithSees" classname="unit.PartitionerTest" time="0.006"/>
  <testcase name="shouldGetOperationCharacteristics" classname="unit.PartitionerTest" time="0.009"/>
  <testcase name="shouldGetInputSpaceVariables2" classname="unit.PartitionerTest" time="0.019"/>
  <testcase name="shouldGetInputSpaceVariablesForMachineWithConditionalStatements" classname="unit.PartitionerTest" time="0.004"/>
  <testcase name="shouldGetTypingClauses" classname="unit.PartitionerTest" time="0.036"/>
  <testcase name="shouldGetOperationCharacteristicsWhenItHasConditionals" classname="unit.PartitionerTest" time="0.006"/>
  <testcase name="shouldGetInputSpaceVariables" classname="unit.PartitionerTest" time="0.007"/>
  <testcase name="shouldGetInputSpaceFromPromotedOperations" classname="unit.PartitionerTest" time="0.006"/>
  <testcase name="shouldGetInputSpaceForMachineWithoutInvariant" classname="unit.PartitionerTest" time="0.002"/>
  <system-out><![CDATA[]]></system-out>
  <system-err><![CDATA[]]></system-err>
</testsuite>
