<?xml version="1.0" encoding="UTF-8"?>
<testsuite name="integration.HTMLReportGenerationTest" tests="4" skipped="0" failures="0" errors="0" timestamp="2014-07-15T13:37:35" hostname="kaylee.local" time="18.899">
  <properties/>
  <testcase name="shouldGenerateReportForMachineWithoutState" classname="integration.HTMLReportGenerationTest" time="9.872"/>
  <testcase name="shouldGenerateHTMLReportForOperationWithReturnValues" classname="integration.HTMLReportGenerationTest" time="2.732"/>
  <testcase name="shouldGenerateTestReportForBoundaryValuesAllCombinations" classname="integration.HTMLReportGenerationTest" time="3.094"/>
  <testcase name="shouldGenerateTestReportForOperationUnderTest" classname="integration.HTMLReportGenerationTest" time="3.2"/>
  <system-out><![CDATA[Executing: /Users/ernestocid/Downloads/ProB/probcli -init -mc 1 -p MAX_INITIALISATIONS 1 -p MAX_OPERATIONS 1 -p MININT -1 -p MAXINT 20 /Users/ernestocid/dev/beta/br.ufrn.forall.beta/src/test/resources/machines/others/TestsForOp_Set_From_NoState.mch -save /Users/ernestocid/dev/beta/br.ufrn.forall.beta/src/test/resources/machines/others/TestsForOp_Set_From_NoState.mch.pl  Executed!
Executing: /Users/ernestocid/Downloads/ProB/probcli -init -mc 1 -p MAX_INITIALISATIONS 1 -p MAX_OPERATIONS 1 -p MININT -1 -p MAXINT 20 /Users/ernestocid/dev/beta/br.ufrn.forall.beta/src/test/resources/machines/others/TestsForOp_Set_From_NoState.mch -save /Users/ernestocid/dev/beta/br.ufrn.forall.beta/src/test/resources/machines/others/TestsForOp_Set_From_NoState.mch.pl  Executed!
Executing: /Users/ernestocid/Downloads/ProB/probcli -init -mc 1 -p MAX_INITIALISATIONS 1 -p MAX_OPERATIONS 1 -p MININT -1 -p MAXINT 20 /Users/ernestocid/dev/beta/br.ufrn.forall.beta/src/test/resources/machines/others/TestsForOp_Set_From_NoState.mch -save /Users/ernestocid/dev/beta/br.ufrn.forall.beta/src/test/resources/machines/others/TestsForOp_Set_From_NoState.mch.pl  Executed!
Executing: /Users/ernestocid/Downloads/ProB/probcli -init -mc 1 -p MAX_INITIALISATIONS 1 -p MAX_OPERATIONS 1 -p MININT -1 -p MAXINT 20 /Users/ernestocid/dev/beta/br.ufrn.forall.beta/src/test/resources/machines/others/TestsForOp_Set_From_NoState.mch -save /Users/ernestocid/dev/beta/br.ufrn.forall.beta/src/test/resources/machines/others/TestsForOp_Set_From_NoState.mch.pl  Executed!
Executing: /Users/ernestocid/Downloads/ProB/probcli -init -mc 1 -p MAX_INITIALISATIONS 1 -p MAX_OPERATIONS 1 -p MININT -1 -p MAXINT 20 /Users/ernestocid/dev/beta/br.ufrn.forall.beta/src/test/resources/machines/others/TestsForOp_Set_From_NoState.mch -save /Users/ernestocid/dev/beta/br.ufrn.forall.beta/src/test/resources/machines/others/TestsForOp_Set_From_NoState.mch.pl  Executed!
Executing: /Users/ernestocid/Downloads/ProB/probcli -init -mc 1 -p MAX_INITIALISATIONS 1 -p MAX_OPERATIONS 1 -p MININT -1 -p MAXINT 20 /Users/ernestocid/dev/beta/br.ufrn.forall.beta/src/test/resources/machines/others/TestsForOp_Set_From_NoState.mch -save /Users/ernestocid/dev/beta/br.ufrn.forall.beta/src/test/resources/machines/others/TestsForOp_Set_From_NoState.mch.pl  Executed!
Executing: /Users/ernestocid/Downloads/ProB/probcli -init -mc 1 -p MAX_INITIALISATIONS 1 -p MAX_OPERATIONS 1 -p MININT -1 -p MAXINT 20 /Users/ernestocid/dev/beta/br.ufrn.forall.beta/src/test/resources/machines/others/TestsForOp_Set_From_NoState.mch -save /Users/ernestocid/dev/beta/br.ufrn.forall.beta/src/test/resources/machines/others/TestsForOp_Set_From_NoState.mch.pl  Executed!
Executing: /Users/ernestocid/Downloads/ProB/probcli -init -mc 1 -p MAX_INITIALISATIONS 1 -p MAX_OPERATIONS 1 -p MININT -1 -p MAXINT 20 /Users/ernestocid/dev/beta/br.ufrn.forall.beta/src/test/resources/machines/others/TestsForOp_Set_From_NoState.mch -save /Users/ernestocid/dev/beta/br.ufrn.forall.beta/src/test/resources/machines/others/TestsForOp_Set_From_NoState.mch.pl  Executed!
Executing: /Users/ernestocid/Downloads/ProB/probcli -init -mc 1 -p MAX_INITIALISATIONS 1 -p MAX_OPERATIONS 1 -p MININT -1 -p MAXINT 20 /Users/ernestocid/dev/beta/br.ufrn.forall.beta/src/test/resources/machines/others/TestsForOp_Set_From_NoState.mch -save /Users/ernestocid/dev/beta/br.ufrn.forall.beta/src/test/resources/machines/others/TestsForOp_Set_From_NoState.mch.pl  Executed!
Executing: /Users/ernestocid/Downloads/ProB/probcli -init -mc 1 -p MAX_INITIALISATIONS 1 -p MAX_OPERATIONS 1 -p MININT -1 -p MAXINT 20 /Users/ernestocid/dev/beta/br.ufrn.forall.beta/src/test/resources/machines/others/TestsForOp_sum_From_Calc.mch -save /Users/ernestocid/dev/beta/br.ufrn.forall.beta/src/test/resources/machines/others/TestsForOp_sum_From_Calc.mch.pl  Executed!
Executing: /Users/ernestocid/Downloads/ProB/probcli -init -mc 1 -p MAX_INITIALISATIONS 1 -p MAX_OPERATIONS 1 -p MININT -1 -p MAXINT 20 /Users/ernestocid/dev/beta/br.ufrn.forall.beta/src/test/resources/machines/others/TestsForOp_sum_From_Calc.mch -save /Users/ernestocid/dev/beta/br.ufrn.forall.beta/src/test/resources/machines/others/TestsForOp_sum_From_Calc.mch.pl  Executed!
Executing: /Users/ernestocid/Downloads/ProB/probcli -init -mc 1 -p MAX_INITIALISATIONS 1 -p MAX_OPERATIONS 1 -p MININT -1 -p MAXINT 20 /Users/ernestocid/dev/beta/br.ufrn.forall.beta/src/test/resources/machines/others/TestsForOp_go_up_From_SimpleLift.mch -save /Users/ernestocid/dev/beta/br.ufrn.forall.beta/src/test/resources/machines/others/TestsForOp_go_up_From_SimpleLift.mch.pl  Executed!
Executing: /Users/ernestocid/Downloads/ProB/probcli -init -mc 1 -p MAX_INITIALISATIONS 1 -p MAX_OPERATIONS 1 -p MININT -1 -p MAXINT 20 /Users/ernestocid/dev/beta/br.ufrn.forall.beta/src/test/resources/machines/others/TestsForOp_go_up_From_SimpleLift.mch -save /Users/ernestocid/dev/beta/br.ufrn.forall.beta/src/test/resources/machines/others/TestsForOp_go_up_From_SimpleLift.mch.pl  Executed!
Executing: /Users/ernestocid/Downloads/ProB/probcli -init -mc 1 -p MAX_INITIALISATIONS 1 -p MAX_OPERATIONS 1 -p MININT -1 -p MAXINT 20 /Users/ernestocid/dev/beta/br.ufrn.forall.beta/src/test/resources/machines/others/TestsForOp_go_up_From_SimpleLift.mch -save /Users/ernestocid/dev/beta/br.ufrn.forall.beta/src/test/resources/machines/others/TestsForOp_go_up_From_SimpleLift.mch.pl  Executed!
Executing: /Users/ernestocid/Downloads/ProB/probcli -init -mc 1 -p MAX_INITIALISATIONS 1 -p MAX_OPERATIONS 1 -p MININT -1 -p MAXINT 20 /Users/ernestocid/dev/beta/br.ufrn.forall.beta/src/test/resources/machines/others/TestsForOp_go_up_From_SimpleLift.mch -save /Users/ernestocid/dev/beta/br.ufrn.forall.beta/src/test/resources/machines/others/TestsForOp_go_up_From_SimpleLift.mch.pl  Executed!
Executing: /Users/ernestocid/Downloads/ProB/probcli -init -mc 1 -p MAX_INITIALISATIONS 1 -p MAX_OPERATIONS 1 -p MININT -1 -p MAXINT 20 /Users/ernestocid/dev/beta/br.ufrn.forall.beta/src/test/resources/machines/others/TestsForOp_go_up_From_SimpleLift.mch -save /Users/ernestocid/dev/beta/br.ufrn.forall.beta/src/test/resources/machines/others/TestsForOp_go_up_From_SimpleLift.mch.pl  Executed!
Executing: /Users/ernestocid/Downloads/ProB/probcli -init -mc 1 -p MAX_INITIALISATIONS 1 -p MAX_OPERATIONS 1 -p MININT -1 -p MAXINT 20 /Users/ernestocid/dev/beta/br.ufrn.forall.beta/src/test/resources/machines/others/TestsForOp_go_up_From_SimpleLift.mch -save /Users/ernestocid/dev/beta/br.ufrn.forall.beta/src/test/resources/machines/others/TestsForOp_go_up_From_SimpleLift.mch.pl  Executed!
]]></system-out>
  <system-err><![CDATA[]]></system-err>
</testsuite>
