<?xml version="1.0" encoding="UTF-8"?>
<testsuite name="unit.PartitionerTest" tests="20" skipped="0" failures="0" errors="0" timestamp="2014-07-15T13:38:12" hostname="kaylee.local" time="0.163">
  <properties/>
  <testcase name="shouldGetInputSpaceForMachineStructuredWithIncludes" classname="unit.PartitionerTest" time="0.008"/>
  <testcase name="shouldGetCharacteristicsForMachineStructuredWithIncludes" classname="unit.PartitionerTest" time="0.005"/>
  <testcase name="shouldGetInputSpaceForMachinesStructuredWithExtends" classname="unit.PartitionerTest" time="0.015"/>
  <testcase name="shouldGetOperationCharacteristics2" classname="unit.PartitionerTest" time="0.016"/>
  <testcase name="shouldGetCharacteristicsForMachinesStructuredWithUses" classname="unit.PartitionerTest" time="0.006"/>
  <testcase name="shouldGetCharacteristicsForMachinesStructuredWithExtends" classname="unit.PartitionerTest" time="0.01"/>
  <testcase name="shouldGetInputSpaceForMachinesStructuredWithUses" classname="unit.PartitionerTest" time="0.006"/>
  <testcase name="shouldGetCharacteristicsForMachineStructuredWithSees" classname="unit.PartitionerTest" time="0.006"/>
  <testcase name="shouldGetOperationCharacteristicsForOperationWithNoPrecondition" classname="unit.PartitionerTest" time="0.004"/>
  <testcase name="shouldGetCharacteristicsFromPromotedOperations" classname="unit.PartitionerTest" time="0.007"/>
  <testcase name="shouldGetInputSpaceForMachinesWithConstants" classname="unit.PartitionerTest" time="0.006"/>
  <testcase name="shouldGetInputSpaceForMachineStructuredWithSees" classname="unit.PartitionerTest" time="0.005"/>
  <testcase name="shouldGetOperationCharacteristics" classname="unit.PartitionerTest" time="0.006"/>
  <testcase name="shouldGetInputSpaceVariables2" classname="unit.PartitionerTest" time="0.01"/>
  <testcase name="shouldGetInputSpaceVariablesForMachineWithConditionalStatements" classname="unit.PartitionerTest" time="0.004"/>
  <testcase name="shouldGetTypingClauses" classname="unit.PartitionerTest" time="0.023"/>
  <testcase name="shouldGetOperationCharacteristicsWhenItHasConditionals" classname="unit.PartitionerTest" time="0.005"/>
  <testcase name="shouldGetInputSpaceVariables" classname="unit.PartitionerTest" time="0.006"/>
  <testcase name="shouldGetInputSpaceFromPromotedOperations" classname="unit.PartitionerTest" time="0.007"/>
  <testcase name="shouldGetInputSpaceForMachineWithoutInvariant" classname="unit.PartitionerTest" time="0.002"/>
  <system-out><![CDATA[]]></system-out>
  <system-err><![CDATA[]]></system-err>
</testsuite>
