<?xml version="1.0" encoding="UTF-8"?>
<testsuite name="unit.AllCombinationsTest" tests="12" skipped="0" failures="0" errors="0" timestamp="2014-07-15T11:50:31" hostname="kaylee.local" time="0.053">
  <properties/>
  <testcase name="shouldGenerateAllCombinationsLimitingMaxCombinations" classname="unit.AllCombinationsTest" time="0.043"/>
  <testcase name="shouldGenerateAllCombinationsAsSet" classname="unit.AllCombinationsTest" time="0.0"/>
  <testcase name="shouldGenerateEmptyListForEmptyInputValues" classname="unit.AllCombinationsTest" time="0.0"/>
  <testcase name="shouldGenerateEmptyListForInputValuesWithOneParameter" classname="unit.AllCombinationsTest" time="0.0"/>
  <testcase name="shouldGenerateAllCombinationsCleaningEmptyLists" classname="unit.AllCombinationsTest" time="0.001"/>
  <testcase name="shouldGenerateAllCombinations" classname="unit.AllCombinationsTest" time="0.0"/>
  <testcase name="shouldGenerateAllCombinations1" classname="unit.AllCombinationsTest" time="0.0"/>
  <testcase name="shouldGenerateAllCombinations2" classname="unit.AllCombinationsTest" time="0.001"/>
  <testcase name="shouldGenerateAllCombinations3" classname="unit.AllCombinationsTest" time="0.001"/>
  <testcase name="shouldGenerateAllCombinations4" classname="unit.AllCombinationsTest" time="0.001"/>
  <testcase name="shouldGenerateAllCombinations5" classname="unit.AllCombinationsTest" time="0.0"/>
  <testcase name="shouldGenerateAllCombinations6" classname="unit.AllCombinationsTest" time="0.001"/>
  <system-out><![CDATA[]]></system-out>
  <system-err><![CDATA[]]></system-err>
</testsuite>
