<?xml version="1.0" encoding="UTF-8"?>
<testsuite name="unit.PairwiseTest" tests="14" skipped="0" failures="0" errors="0" timestamp="2014-07-17T12:16:50" hostname="kaylee.local" time="0.016">
  <properties/>
  <testcase name="shouldReturnEmptyListForAnEmptyInputList" classname="unit.PairwiseTest" time="0.001"/>
  <testcase name="shouldClearEmptyParametersAndGenerateCombinations" classname="unit.PairwiseTest" time="0.003"/>
  <testcase name="shouldGenerateCombinationsForThreeParametersWithTwoValues" classname="unit.PairwiseTest" time="0.001"/>
  <testcase name="shouldGenerateCombinationsForFourParametersWithTwoValues" classname="unit.PairwiseTest" time="0.001"/>
  <testcase name="shouldGenerateCombinationsForThreeParametersWithUnequalValueLengths" classname="unit.PairwiseTest" time="0.0"/>
  <testcase name="shouldGenerateCombinationsAsSet" classname="unit.PairwiseTest" time="0.0"/>
  <testcase name="shouldReturnEmptyListForInputListWithOneParameter" classname="unit.PairwiseTest" time="0.0"/>
  <testcase name="shouldGenerateCombinationsForTwoParametersWithOneValues" classname="unit.PairwiseTest" time="0.001"/>
  <testcase name="shouldGenerateCombinationsForThreeParametersWithOneValues" classname="unit.PairwiseTest" time="0.0"/>
  <testcase name="shouldGenerateCombinationsForThreeParametersWithUnequalValueLengths2" classname="unit.PairwiseTest" time="0.0"/>
  <testcase name="shouldGenerateCombinationsForThreeParametersWithUnequalValueLengths3" classname="unit.PairwiseTest" time="0.001"/>
  <testcase name="shouldGenerateCombinationsForThreeParametersWithUnequalValueLengths4" classname="unit.PairwiseTest" time="0.0"/>
  <testcase name="shouldGenerateCombinationsForThreeParametersWithUnequalValueLengths5" classname="unit.PairwiseTest" time="0.0"/>
  <testcase name="shouldGenerateCombinationsForThreeParametersWithUnequalValueLengths6" classname="unit.PairwiseTest" time="0.001"/>
  <system-out><![CDATA[]]></system-out>
  <system-err><![CDATA[]]></system-err>
</testsuite>
