<?xml version="1.0" encoding="UTF-8"?>
<testsuite name="unit.ExpressionsTest" tests="1" skipped="0" failures="0" errors="0" timestamp="2014-07-17T12:16:46" hostname="kaylee.local" time="0.516">
  <properties/>
  <testcase name="shouldParseAllKindsOfExpressions" classname="unit.ExpressionsTest" time="0.516"/>
  <system-out><![CDATA[]]></system-out>
  <system-err><![CDATA[]]></system-err>
</testsuite>
