<?xml version="1.0" encoding="UTF-8"?>
<testsuite name="unit.PredicatesTest" tests="1" skipped="0" failures="0" errors="0" timestamp="2014-07-17T12:16:48" hostname="kaylee.local" time="0.008">
  <properties/>
  <testcase name="shouldParseAllKindsOfPredicate" classname="unit.PredicatesTest" time="0.008"/>
  <system-out><![CDATA[]]></system-out>
  <system-err><![CDATA[]]></system-err>
</testsuite>
