<?xml version="1.1" encoding="UTF-8"?>
<testsuite name="unit.ParserTest" tests="13" failures="0" errors="0" timestamp="2014-07-10T09:03:44" hostname="kaylee.local" time="0.888">
  <properties/>
  <testcase name="shouldExtractInvariantClauses" classname="unit.ParserTest" time="0.025"/>
  <testcase name="shouldParseQueueInvariant" classname="unit.ParserTest" time="0.202"/>
  <testcase name="shouldParseQuantifierPredicateClause" classname="unit.ParserTest" time="0.244"/>
  <testcase name="shouldParseFreeRTOSMachine" classname="unit.ParserTest" time="0.229"/>
  <testcase name="shouldExtractPreconditionClauses" classname="unit.ParserTest" time="0.006"/>
  <testcase name="shouldParseQueueProperties" classname="unit.ParserTest" time="0.072"/>
  <testcase name="shouldParseTaskMachine" classname="unit.ParserTest" time="0.06"/>
  <testcase name="shouldParseImplicaltionFromOperationPreconditions" classname="unit.ParserTest" time="0.009"/>
  <testcase name="shouldParseRelationalOperatorsFromOperationPreconditions" classname="unit.ParserTest" time="0.007"/>
  <testcase name="shouldParseDisjunctFromOperationPreconditions" classname="unit.ParserTest" time="0.006"/>
  <testcase name="shouldParseFalseAndTrueExpressions" classname="unit.ParserTest" time="0.008"/>
  <testcase name="shouldParseConjunctFromOperationPreconditions" classname="unit.ParserTest" time="0.007"/>
  <testcase name="shouldParseBelongsAndDoestBelongsToFromOperationPreconditions" classname="unit.ParserTest" time="0.006"/>
  <system-out><![CDATA[]]></system-out>
  <system-err><![CDATA[]]></system-err>
</testsuite>
