<?xml version="1.1" encoding="UTF-8"?>
<testsuite name="unit.ExpressionsTest" tests="1" failures="0" errors="0" timestamp="2014-07-08T13:00:58" hostname="kaylee.local" time="0.481">
  <properties/>
  <testcase name="shouldParseAllKindsOfExpressions" classname="unit.ExpressionsTest" time="0.481"/>
  <system-out><![CDATA[]]></system-out>
  <system-err><![CDATA[]]></system-err>
</testsuite>
