<?xml version="1.1" encoding="UTF-8"?>
<testsuite name="unit.PredicatesTest" tests="1" failures="0" errors="0" timestamp="2014-07-10T09:03:45" hostname="kaylee.local" time="0.007">
  <properties/>
  <testcase name="shouldParseAllKindsOfPredicate" classname="unit.PredicatesTest" time="0.007"/>
  <system-out><![CDATA[]]></system-out>
  <system-err><![CDATA[]]></system-err>
</testsuite>
