<?xml version="1.0" encoding="UTF-8"?>
<testsuite name="unit.PLReaderTest" tests="13" skipped="0" failures="0" errors="0" timestamp="2014-07-17T12:16:44" hostname="kaylee.local" time="0.026">
  <properties/>
  <testcase name="shouldReadInputDataFromPLFile" classname="unit.PLReaderTest" time="0.001"/>
  <testcase name="shouldSplitParameterDataString1" classname="unit.PLReaderTest" time="0.0"/>
  <testcase name="shouldSplitParameterDataString2" classname="unit.PLReaderTest" time="0.001"/>
  <testcase name="shouldSplitParameterDataString3" classname="unit.PLReaderTest" time="0.0"/>
  <testcase name="shouldSplitParameterDataString4" classname="unit.PLReaderTest" time="0.0"/>
  <testcase name="shouldSplitParameterDataString5" classname="unit.PLReaderTest" time="0.0"/>
  <testcase name="shouldSplitParameterDataString6" classname="unit.PLReaderTest" time="0.0"/>
  <testcase name="shouldSplitParameterDataString7" classname="unit.PLReaderTest" time="0.0"/>
  <testcase name="shouldSplitParameterDataString8" classname="unit.PLReaderTest" time="0.0"/>
  <testcase name="shouldSplitParameterDataString9" classname="unit.PLReaderTest" time="0.0"/>
  <testcase name="shouldReadInputDataForOperationWithTwoParameters" classname="unit.PLReaderTest" time="0.001"/>
  <testcase name="shouldReadInputDataForOperation" classname="unit.PLReaderTest" time="0.02"/>
  <testcase name="shouldReturnEmptyListWhenOperationDoestExist" classname="unit.PLReaderTest" time="0.0"/>
  <system-out><![CDATA[]]></system-out>
  <system-err><![CDATA[]]></system-err>
</testsuite>
